[INFO  - 2017-03-19T20:26:33.240Z] GhostDriver - Main - running on port 52249
[INFO  - 2017-03-19T20:26:33.583Z] Session [57f314a0-0ce2-11e7-aec1-8f2c5733e027] - page.settings - {"XSSAuditingEnabled":false,"javascriptCanCloseWindows":true,"javascriptCanOpenWindows":true,"javascriptEnabled":true,"loadImages":true,"localToRemoteUrlAccessEnabled":false,"userAgent":"Mozilla/5.0 (Macintosh; Intel Mac OS X) AppleWebKit/538.1 (KHTML, like Gecko) PhantomJS/2.1.1 Safari/538.1","webSecurityEnabled":true}
[INFO  - 2017-03-19T20:26:33.583Z] Session [57f314a0-0ce2-11e7-aec1-8f2c5733e027] - page.customHeaders:  - {}
[INFO  - 2017-03-19T20:26:33.583Z] Session [57f314a0-0ce2-11e7-aec1-8f2c5733e027] - Session.negotiatedCapabilities - {"browserName":"phantomjs","version":"2.1.1","driverName":"ghostdriver","driverVersion":"1.2.0","platform":"mac-10.11 (El Capitan)-64bit","javascriptEnabled":true,"takesScreenshot":true,"handlesAlerts":false,"databaseEnabled":false,"locationContextEnabled":false,"applicationCacheEnabled":false,"browserConnectionEnabled":false,"cssSelectorsEnabled":true,"webStorageEnabled":false,"rotatable":false,"acceptSslCerts":false,"nativeEvents":true,"proxy":{"proxyType":"direct"}}
[INFO  - 2017-03-19T20:26:33.584Z] SessionManagerReqHand - _postNewSessionCommand - New Session Created: 57f314a0-0ce2-11e7-aec1-8f2c5733e027
[ERROR - 2017-03-19T20:29:08.309Z] Session [57f314a0-0ce2-11e7-aec1-8f2c5733e027] - page.onError - msg: TypeError: undefined is not a constructor (evaluating 'creative.myVideo.vid.load()')

  phantomjs://platform/console++.js:263 in error
[ERROR - 2017-03-19T20:29:08.336Z] Session [57f314a0-0ce2-11e7-aec1-8f2c5733e027] - page.onError - stack:
  addVideo1 (https://s0.2mdn.net/6477271/1489454380730/728x90/logic.js:444)
  init (https://s0.2mdn.net/6477271/1489454380730/728x90/logic.js:53)
  preInit (https://s0.2mdn.net/6477271/1489454380730/728x90/logic.js:12)

  phantomjs://platform/console++.js:263 in error
[INFO  - 2017-03-19T20:31:33.229Z] SessionManagerReqHand - _cleanupWindowlessSessions - Asynchronous Sessions clean-up phase starting NOW
[ERROR - 2017-03-19T20:31:38.051Z] Session [57f314a0-0ce2-11e7-aec1-8f2c5733e027] - page.onError - msg: TypeError: undefined is not a constructor (evaluating 'creative.myVideo.vid.load()')

  phantomjs://platform/console++.js:263 in error
[ERROR - 2017-03-19T20:31:38.051Z] Session [57f314a0-0ce2-11e7-aec1-8f2c5733e027] - page.onError - stack:
  addVideo1 (https://s0.2mdn.net/6477271/1489454380730/728x90/logic.js:444)
  init (https://s0.2mdn.net/6477271/1489454380730/728x90/logic.js:53)
  preInit (https://s0.2mdn.net/6477271/1489454380730/728x90/logic.js:12)

  phantomjs://platform/console++.js:263 in error
[INFO  - 2017-03-19T20:36:33.219Z] SessionManagerReqHand - _cleanupWindowlessSessions - Asynchronous Sessions clean-up phase starting NOW
[INFO  - 2017-03-19T20:41:33.211Z] SessionManagerReqHand - _cleanupWindowlessSessions - Asynchronous Sessions clean-up phase starting NOW
[INFO  - 2017-03-19T20:46:33.202Z] SessionManagerReqHand - _cleanupWindowlessSessions - Asynchronous Sessions clean-up phase starting NOW
[INFO  - 2017-03-19T20:51:33.194Z] SessionManagerReqHand - _cleanupWindowlessSessions - Asynchronous Sessions clean-up phase starting NOW
[ERROR - 2017-03-19T20:52:38.082Z] Session [57f314a0-0ce2-11e7-aec1-8f2c5733e027] - page.onError - msg: TypeError: undefined is not a constructor (evaluating 'creative.myVideo.vid.load()')

  phantomjs://platform/console++.js:263 in error
[ERROR - 2017-03-19T20:52:38.099Z] Session [57f314a0-0ce2-11e7-aec1-8f2c5733e027] - page.onError - stack:
  addVideo1 (https://s0.2mdn.net/6477271/1489454380730/728x90/logic.js:444)
  init (https://s0.2mdn.net/6477271/1489454380730/728x90/logic.js:53)
  preInit (https://s0.2mdn.net/6477271/1489454380730/728x90/logic.js:12)

  phantomjs://platform/console++.js:263 in error
[INFO  - 2017-03-19T20:56:33.185Z] SessionManagerReqHand - _cleanupWindowlessSessions - Asynchronous Sessions clean-up phase starting NOW
[ERROR - 2017-03-19T21:00:38.649Z] Session [57f314a0-0ce2-11e7-aec1-8f2c5733e027] - page.onError - msg: TypeError: undefined is not a constructor (evaluating 'creative.myVideo.vid.load()')

  phantomjs://platform/console++.js:263 in error
[ERROR - 2017-03-19T21:00:38.649Z] Session [57f314a0-0ce2-11e7-aec1-8f2c5733e027] - page.onError - stack:
  addVideo1 (https://s0.2mdn.net/6477271/1489454380730/728x90/logic.js:444)
  init (https://s0.2mdn.net/6477271/1489454380730/728x90/logic.js:53)
  preInit (https://s0.2mdn.net/6477271/1489454380730/728x90/logic.js:12)

  phantomjs://platform/console++.js:263 in error
[INFO  - 2017-03-19T21:01:33.176Z] SessionManagerReqHand - _cleanupWindowlessSessions - Asynchronous Sessions clean-up phase starting NOW
[ERROR - 2017-03-19T21:05:09.108Z] Session [57f314a0-0ce2-11e7-aec1-8f2c5733e027] - page.onError - msg: TypeError: undefined is not a constructor (evaluating 'creative.myVideo.vid.load()')

  phantomjs://platform/console++.js:263 in error
[ERROR - 2017-03-19T21:05:09.129Z] Session [57f314a0-0ce2-11e7-aec1-8f2c5733e027] - page.onError - stack:
  addVideo1 (https://s0.2mdn.net/6477271/1489454380730/728x90/logic.js:444)
  init (https://s0.2mdn.net/6477271/1489454380730/728x90/logic.js:53)
  preInit (https://s0.2mdn.net/6477271/1489454380730/728x90/logic.js:12)

  phantomjs://platform/console++.js:263 in error
[INFO  - 2017-03-19T21:06:33.166Z] SessionManagerReqHand - _cleanupWindowlessSessions - Asynchronous Sessions clean-up phase starting NOW
[ERROR - 2017-03-19T21:08:08.646Z] Session [57f314a0-0ce2-11e7-aec1-8f2c5733e027] - page.onError - msg: TypeError: undefined is not a constructor (evaluating 'creative.myVideo.vid.load()')

  phantomjs://platform/console++.js:263 in error
[ERROR - 2017-03-19T21:08:08.664Z] Session [57f314a0-0ce2-11e7-aec1-8f2c5733e027] - page.onError - stack:
  addVideo1 (https://s0.2mdn.net/6477271/1489454380730/728x90/logic.js:444)
  init (https://s0.2mdn.net/6477271/1489454380730/728x90/logic.js:53)
  preInit (https://s0.2mdn.net/6477271/1489454380730/728x90/logic.js:12)

  phantomjs://platform/console++.js:263 in error
[INFO  - 2017-03-19T21:11:33.157Z] SessionManagerReqHand - _cleanupWindowlessSessions - Asynchronous Sessions clean-up phase starting NOW
[ERROR - 2017-03-19T21:11:37.865Z] Session [57f314a0-0ce2-11e7-aec1-8f2c5733e027] - page.onError - msg: TypeError: undefined is not a constructor (evaluating 'creative.myVideo.vid.load()')

  phantomjs://platform/console++.js:263 in error
[ERROR - 2017-03-19T21:11:37.865Z] Session [57f314a0-0ce2-11e7-aec1-8f2c5733e027] - page.onError - stack:
  addVideo1 (https://s0.2mdn.net/6477271/1489454380730/728x90/logic.js:444)
  init (https://s0.2mdn.net/6477271/1489454380730/728x90/logic.js:53)
  preInit (https://s0.2mdn.net/6477271/1489454380730/728x90/logic.js:12)

  phantomjs://platform/console++.js:263 in error
[INFO  - 2017-03-19T21:16:33.147Z] SessionManagerReqHand - _cleanupWindowlessSessions - Asynchronous Sessions clean-up phase starting NOW
[ERROR - 2017-03-19T21:18:39.203Z] Session [57f314a0-0ce2-11e7-aec1-8f2c5733e027] - page.onError - msg: TypeError: undefined is not a constructor (evaluating 'creative.myVideo.vid.load()')

  phantomjs://platform/console++.js:263 in error
[ERROR - 2017-03-19T21:18:39.220Z] Session [57f314a0-0ce2-11e7-aec1-8f2c5733e027] - page.onError - stack:
  addVideo1 (https://s0.2mdn.net/6477271/1489454380730/728x90/logic.js:444)
  init (https://s0.2mdn.net/6477271/1489454380730/728x90/logic.js:53)
  preInit (https://s0.2mdn.net/6477271/1489454380730/728x90/logic.js:12)

  phantomjs://platform/console++.js:263 in error
[INFO  - 2017-03-19T21:21:33.137Z] SessionManagerReqHand - _cleanupWindowlessSessions - Asynchronous Sessions clean-up phase starting NOW
[ERROR - 2017-03-19T21:24:09.300Z] Session [57f314a0-0ce2-11e7-aec1-8f2c5733e027] - page.onError - msg: TypeError: undefined is not a constructor (evaluating 'creative.myVideo.vid.load()')

  phantomjs://platform/console++.js:263 in error
[ERROR - 2017-03-19T21:24:09.326Z] Session [57f314a0-0ce2-11e7-aec1-8f2c5733e027] - page.onError - stack:
  addVideo1 (https://s0.2mdn.net/6477271/1489454380730/728x90/logic.js:444)
  init (https://s0.2mdn.net/6477271/1489454380730/728x90/logic.js:53)
  preInit (https://s0.2mdn.net/6477271/1489454380730/728x90/logic.js:12)

  phantomjs://platform/console++.js:263 in error
[INFO  - 2017-03-19T21:26:33.126Z] SessionManagerReqHand - _cleanupWindowlessSessions - Asynchronous Sessions clean-up phase starting NOW
[INFO  - 2017-03-19T21:31:33.116Z] SessionManagerReqHand - _cleanupWindowlessSessions - Asynchronous Sessions clean-up phase starting NOW
[INFO  - 2017-03-19T21:36:33.106Z] SessionManagerReqHand - _cleanupWindowlessSessions - Asynchronous Sessions clean-up phase starting NOW
[INFO  - 2017-03-19T21:41:33.096Z] SessionManagerReqHand - _cleanupWindowlessSessions - Asynchronous Sessions clean-up phase starting NOW
[ERROR - 2017-03-19T21:42:40.400Z] Session [57f314a0-0ce2-11e7-aec1-8f2c5733e027] - page.onError - msg: TypeError: undefined is not a constructor (evaluating 'creative.myVideo.vid.load()')

  phantomjs://platform/console++.js:263 in error
[ERROR - 2017-03-19T21:42:40.400Z] Session [57f314a0-0ce2-11e7-aec1-8f2c5733e027] - page.onError - stack:
  addVideo1 (https://s0.2mdn.net/6477271/1489454380730/728x90/logic.js:444)
  init (https://s0.2mdn.net/6477271/1489454380730/728x90/logic.js:53)
  preInit (https://s0.2mdn.net/6477271/1489454380730/728x90/logic.js:12)

  phantomjs://platform/console++.js:263 in error
[INFO  - 2017-03-19T21:46:33.087Z] SessionManagerReqHand - _cleanupWindowlessSessions - Asynchronous Sessions clean-up phase starting NOW
[INFO  - 2017-03-19T21:51:33.077Z] SessionManagerReqHand - _cleanupWindowlessSessions - Asynchronous Sessions clean-up phase starting NOW
